=== 掃描檔批次上傳 Mon Mar 30 07:16:00 CST 2026 ===
測試模式：只處理 JPG客戶編號541-720
載入客戶資料...
  可匹配客戶數（客戶XXX格式）: 6345
  掃描檔資料夾: 1 個

連接 FTP...
  FTP 連線成功

=== JPG客戶編號541-720 ===
  檔案數: 276
  [1] 541-勝鴻-劉紋綾小姐.jpg → A-000601 (ID=601)
  [2] 542-晁印餐飲有限公司.jpg → A-000604 (ID=604)
  [3] 543-昱康醫療器材有限公司-洪惠煜.jpg → A-000605 (ID=605)
  [4] 544-黃小姐住宅 (鍾道洪).jpg → A-000606 (ID=606)
  [5] 545-廖述榮.jpg → A-000608 (ID=608)

SQL: /Users/chifangtang/hswork/database/customer_scan_import.sql

=== 結果 ===
總檔案數: 276
匹配成功: 275
上傳成功: 275
未匹配: 1

=== 錯誤（前20筆）===
  JPG客戶編號541-720/維#270全耀機械.jpg (無法提取編號)
測試模式：只處理 JPG客戶編號721-900
載入客戶資料...
  可匹配客戶數（客戶XXX格式）: 6345
  掃描檔資料夾: 1 個

連接 FTP...
  FTP 連線成功

=== JPG客戶編號721-900 ===
  檔案數: 353
  [1] 721-張陳富.jpg → A-000838 (ID=838)
  [2] 722-陳科翰.jpg → A-000839 (ID=839)
  [3] 723-東昇土木包工業#06072971.jpg → A-000841 (ID=841)
  [4] 724-1-臻鑽建設有限公司#53867023.jpg → A-000842 (ID=842)
  [5] 724-2維#891-禾順-臻鑽建設有限公司 1月4 將總機(24)，改成分機(22)。.jpg → A-000842 (ID=842)

SQL: /Users/chifangtang/hswork/database/customer_scan_import.sql

=== 結果 ===
總檔案數: 353
匹配成功: 351
上傳成功: 351
未匹配: 2

=== 錯誤（前20筆）===
  JPG客戶編號721-900/798-草帽小子.jpg (客戶798不存在)
  JPG客戶編號721-900/草帽小子-徐脩智.jpg (無法提取編號)
測試模式：只處理 JPG客戶編號901-1080
載入客戶資料...
  可匹配客戶數（客戶XXX格式）: 6345
  掃描檔資料夾: 1 個

連接 FTP...
  FTP 連線成功

=== JPG客戶編號901-1080 ===
  檔案數: 403
  [1] 1000-1-禾順-台灣凱優動態有限公司.jpg → A-001237 (ID=1237)
  [2] 1000-2-禾順-台灣凱優動態有限公司.jpg → A-001237 (ID=1237)
  [3] 1000-3 台灣凱優.jpg → A-001237 (ID=1237)
  [4] 1000-4 台灣凱優動態有限公司.jpg → A-001237 (ID=1237)
  [5] 1000-禾順-台灣凱優動態有限公司.jpg → A-001237 (ID=1237)

SQL: /Users/chifangtang/hswork/database/customer_scan_import.sql

=== 結果 ===
總檔案數: 403
匹配成功: 396
上傳成功: 396
未匹配: 7

=== 錯誤（前20筆）===
  JPG客戶編號901-1080/1061-禾順-吳啟聖 自購器材.jpg (客戶1061不存在)
  JPG客戶編號901-1080/1066-勝鴻-陳先生.jpg (客戶1066不存在)
  JPG客戶編號901-1080/991-禾順-可杰科技有限公司.jpg (客戶991不存在)
  JPG客戶編號901-1080/維#179(908-3)-香港商永湖複合材料有限公司台灣分公司-神岡廠.jpg (無法提取編號)
  JPG客戶編號901-1080/維#227(1067-1)禾順-三民路郵局.jpg (無法提取編號)
  JPG客戶編號901-1080/維#548(908-6)-勝鴻-香港商永湖複合材料有限公司 神岡廠.jpg (無法提取編號)
  JPG客戶編號901-1080/維#622(998-2)-禾順-神岡岸裡郵局.jpg (無法提取編號)
測試模式：只處理 JPG客戶編號1081-1260
載入客戶資料...
  可匹配客戶數（客戶XXX格式）: 6345
  掃描檔資料夾: 1 個

連接 FTP...
  FTP 連線成功

=== JPG客戶編號1081-1260 ===
  檔案數: 382
  [1] 1081-1 大敦寵物醫院 保固書.jpg → A-001380 (ID=1380)
  [2] 1081-1 大敦寵物醫院.jpg → A-001380 (ID=1380)
  [3] 1081戴先生.jpg → A-001380 (ID=1380)
  [4] 1082-1秋水實業.jpg → A-001381 (ID=1381)
  [5] 1082-2 秋水實業股份有限公司.jpg → A-001381 (ID=1381)

SQL: /Users/chifangtang/hswork/database/customer_scan_import.sql

=== 結果 ===
總檔案數: 382
匹配成功: 380
上傳成功: 380
未匹配: 2

=== 錯誤（前20筆）===
  JPG客戶編號1081-1260/1122張世利公館.jpg (客戶1122不存在)
  JPG客戶編號1081-1260/1236林盛博.jpg (客戶1236不存在)
測試模式：只處理 JPG客戶編號1261-1440
載入客戶資料...
  可匹配客戶數（客戶XXX格式）: 6345
  掃描檔資料夾: 1 個

連接 FTP...
  FTP 連線成功

=== JPG客戶編號1261-1440 ===
  檔案數: 409
  [1] 1261 誠豐食品企業有限公司.jpg → A-001682 (ID=1682)
  [2] 1261-1 誠豐食品企業有限公司.jpg → A-001682 (ID=1682)
  [3] 1262 忠信路王亞筠小姐.jpg → A-001684 (ID=1684)
  [4] 1263 2廠緻鎰企業股份有限公司.jpg → A-001685 (ID=1685)
  [5] 1263-1 緻鎰企業股份有限公司.jpg → A-001685 (ID=1685)

SQL: /Users/chifangtang/hswork/database/customer_scan_import.sql

=== 結果 ===
總檔案數: 409
匹配成功: 408
上傳成功: 408
未匹配: 1

=== 錯誤（前20筆）===
  JPG客戶編號1261-1440/1344 路鈞五支部油庫(上士洪宇林).jpg (客戶1344不存在)
測試模式：只處理 JPG客戶編號1441-1620
載入客戶資料...
  可匹配客戶數（客戶XXX格式）: 6345
  掃描檔資料夾: 1 個

連接 FTP...
  FTP 連線成功

=== JPG客戶編號1441-1620 ===
  檔案數: 425
  [1] 1392-1 大城雪梨社區.jpg → A-001706 (ID=1706)
  [2] 1441 美村路邱怡清.jpg → A-002035 (ID=2035)
  [3] 1442 北屯區益華街 魏先生.jpg → A-002040 (ID=2040)
  [4] 1443 旭泰微系統科技有限公司.jpg → A-002041 (ID=2041)
  [5] 1444 翡翠園邸1F-2F拉1條網路線.jpg → A-002036 (ID=2036)

SQL: /Users/chifangtang/hswork/database/customer_scan_import.sql

=== 結果 ===
總檔案數: 425
匹配成功: 424
上傳成功: 424
未匹配: 1

=== 錯誤（前20筆）===
  JPG客戶編號1441-1620/1546-東慧國際諮詢顧問股份有限公司.jpg (客戶1546不存在)
測試模式：只處理 JPG客戶編號1621-1800
載入客戶資料...
  可匹配客戶數（客戶XXX格式）: 6345
  掃描檔資料夾: 1 個

連接 FTP...
  FTP 連線成功

=== JPG客戶編號1621-1800 ===
  檔案數: 304
  [1] 1621-1 霧峰水餃娟.jpg → A-002434 (ID=2434)
  [2] 1621-2 霧峰水餃娟.jpg → A-002434 (ID=2434)
  [3] 1621霧峰水餃娟-上揮食品行.jpg → A-002434 (ID=2434)
  [4] 1622鄧啟宇.jpg → A-002441 (ID=2441)
  [5] 1623許惠貞-3樓.jpg → A-002442 (ID=2442)

SQL: /Users/chifangtang/hswork/database/customer_scan_import.sql

=== 結果 ===
總檔案數: 304
匹配成功: 304
上傳成功: 304
未匹配: 0
測試模式：只處理 JPG客戶編號1801-1980
載入客戶資料...
  可匹配客戶數（客戶XXX格式）: 6345
  掃描檔資料夾: 1 個

連接 FTP...
  FTP 連線成功

=== JPG客戶編號1801-1980 ===
  檔案數: 396
  [1] 1801仲呈材料有限公司中社五街曹建美小姐.jpg → A-002827 (ID=2827)
  [2] 1802-1全方位五金百貨-十甲店.jpg → A-002828 (ID=2828)
  [3] 1802-2 全方位五金百貨-十甲店.jpg → A-002828 (ID=2828)
  [4] 1802-3 全方位五金百貨(十甲店).jpg → A-002828 (ID=2828)
  [5] 1802全方位十甲店.jpg → A-002828 (ID=2828)

SQL: /Users/chifangtang/hswork/database/customer_scan_import.sql

=== 結果 ===
總檔案數: 396
匹配成功: 394
上傳成功: 394
未匹配: 2

=== 錯誤（前20筆）===
  JPG客戶編號1801-1980/1811謝秀琳.jpg (客戶1811不存在)
  JPG客戶編號1801-1980/1827清泉崗-李奇育.jpg (客戶1827不存在)
測試模式：只處理 JPG客戶編號1981-2160
載入客戶資料...
  可匹配客戶數（客戶XXX格式）: 6345
  掃描檔資料夾: 1 個

連接 FTP...
  FTP 連線成功

=== JPG客戶編號1981-2160 ===
  檔案數: 397
  [1] 1981嘉韋皮件精品店.jpg → A-003173 (ID=3173)
  [2] 1982-正義路詹先生.jpg → A-003174 (ID=3174)
  [3] 1983-中微半導體股份有限公司.jpg → A-003175 (ID=3175)
  [4] 1984-梧棲區李先生.jpg → A-003176 (ID=3176)
  [5] 1985-1感心雲端智控(股)公司-雲林古坑溫室 .jpg → A-003161 (ID=3161)

SQL: /Users/chifangtang/hswork/database/customer_scan_import.sql

=== 結果 ===
總檔案數: 397
匹配成功: 395
上傳成功: 395
未匹配: 2

=== 錯誤（前20筆）===
  JPG客戶編號1981-2160/1995-1洪志忠.jpg (客戶1995不存在)
  JPG客戶編號1981-2160/1995洪志忠.jpg (客戶1995不存在)
測試模式：只處理 JPG客戶編號2161-2340
載入客戶資料...
  可匹配客戶數（客戶XXX格式）: 6345
  掃描檔資料夾: 1 個

連接 FTP...
  FTP 連線成功

=== JPG客戶編號2161-2340 ===
  檔案數: 608
  [1] 2000-1清水郵局-監視器查修.jpg → A-003139 (ID=3139)
  [2] 2110-2巨菱精密化學股份有限公司.jpg → A-003395 (ID=3395)
  [3] 2110-48 巨菱精密化學(股)公司 - TP 採購單.jpg → A-003395 (ID=3395)
  [4] 2161林信淵.jpg → A-003491 (ID=3491)
  [5] 2162-2 慶山官邸社區.jpg → A-003475 (ID=3475)
  [500] 2294-3 林庭宇.jpg → A-003750 (ID=3750)

SQL: /Users/chifangtang/hswork/database/customer_scan_import.sql

=== 結果 ===
總檔案數: 608
匹配成功: 606
上傳成功: 606
未匹配: 2

=== 錯誤（前20筆）===
  JPG客戶編號2161-2340/2178中國貨櫃(股)公司.jpg (客戶2178不存在)
  JPG客戶編號2161-2340/2179振皓科技有限公司.jpg (客戶2179不存在)
測試模式：只處理 JPG客戶編號2341-2520
載入客戶資料...
  可匹配客戶數（客戶XXX格式）: 6345
  掃描檔資料夾: 1 個

連接 FTP...
  FTP 連線成功

=== JPG客戶編號2341-2520 ===
  檔案數: 343
  [1] 2339-9 峰達海運股份有限公司 採購單.jpg → A-003836 (ID=3836)
  [2] 2339-9 峰達海運股份有限公司.jpg → A-003836 (ID=3836)
  [3] 2341中興路 陳清標先生.jpg → A-003847 (ID=3847)
  [4] 2342江俊穎.jpg → A-003848 (ID=3848)
  [5] 2343詹裕勳.jpg → A-003849 (ID=3849)

SQL: /Users/chifangtang/hswork/database/customer_scan_import.sql

=== 結果 ===
總檔案數: 343
匹配成功: 342
上傳成功: 342
未匹配: 1

=== 錯誤（前20筆）===
  JPG客戶編號2341-2520/2433宏恩美容.jpg (客戶2433不存在)
測試模式：只處理 JPG客戶編號2521-2700
載入客戶資料...
  可匹配客戶數（客戶XXX格式）: 6345
  掃描檔資料夾: 1 個

連接 FTP...
  FTP 連線成功

=== JPG客戶編號2521-2700 ===
  檔案數: 547
  [1] 2521廖英凱.jpg → A-004155 (ID=4155)
  [2] 2522-陳宥霖 簽單.jpg → A-004156 (ID=4156)
  [3] 2522陳宥霖公館.jpg → A-004156 (ID=4156)
  [4] 2523-1 佑統 帳號密碼.jpg → A-004157 (ID=4157)
  [5] 2523-1 佑統.jpg → A-004157 (ID=4157)
  [500] 2682-4  維874 東森國際股份有限公司.jpg → A-004441 (ID=4441)

SQL: /Users/chifangtang/hswork/database/customer_scan_import.sql

=== 結果 ===
總檔案數: 547
匹配成功: 547
上傳成功: 547
未匹配: 0
測試模式：只處理 JPG客戶編號2701-2900
載入客戶資料...
  可匹配客戶數（客戶XXX格式）: 6345
  掃描檔資料夾: 1 個

連接 FTP...
  FTP 連線成功

=== JPG客戶編號2701-2900 ===
  檔案數: 365
  [1] 2701游正臺.jpg → A-004481 (ID=4481)
  [2] 2702陳清讚.jpg → A-004482 (ID=4482)
  [3] 2703鄭元凱耳鼻喉科診所.1.jpg → A-004474 (ID=4474)
  [4] 2703鄭元凱耳鼻喉科診所.jpg → A-004474 (ID=4474)
  [5] 2704-1 向上長老教會.jpg → A-004486 (ID=4486)

SQL: /Users/chifangtang/hswork/database/customer_scan_import.sql

=== 結果 ===
總檔案數: 365
匹配成功: 365
上傳成功: 365
未匹配: 0
測試模式：只處理 JPG客戶編號2901-3080
載入客戶資料...
  可匹配客戶數（客戶XXX格式）: 6345
  掃描檔資料夾: 1 個

連接 FTP...
  FTP 連線成功

=== JPG客戶編號2901-3080 ===
  檔案數: 370
  [1] 2901 蔡佩宜-豐𪝞企業股份有限公司 名片.jpg → A-004927 (ID=4927)
  [2] 2901-1蔡佩宜.jpg → A-004927 (ID=4927)
  [3] 2901蔡佩宜.jpg → A-004927 (ID=4927)
  [4] 2902 劉冠詳.jpg → A-004929 (ID=4929)
  [5] 2902-1 劉冠詳.jpg → A-004929 (ID=4929)

SQL: /Users/chifangtang/hswork/database/customer_scan_import.sql

=== 結果 ===
總檔案數: 370
匹配成功: 366
上傳成功: 366
未匹配: 4

=== 錯誤（前20筆）===
  JPG客戶編號2901-3080/凱岦機械工程有限公司-購買SL-180R磁力鎖-2.jpg (無法提取編號)
  JPG客戶編號2901-3080/凱岦機械工程有限公司-購買SL-180R磁力鎖.jpg (無法提取編號)
  JPG客戶編號2901-3080/星博譯實業有限公司-紀榮財 先生.jpg (無法提取編號)
  JPG客戶編號2901-3080/立其營造有限公司.jpg (無法提取編號)
測試模式：只處理 JPG客戶編號3081-3260
載入客戶資料...
  可匹配客戶數（客戶XXX格式）: 6345
  掃描檔資料夾: 1 個

連接 FTP...
  FTP 連線成功

=== JPG客戶編號3081-3260 ===
  檔案數: 381
  [1] 3073-5 聯東木業(股)公司.jpg → A-005381 (ID=5381)
  [2] 3081 葉冠廷.jpg → A-005423 (ID=5423)
  [3] 3082 御匠極致工藝.jpg → A-005428 (ID=5428)
  [4] 3082-1 御匠極致工藝.jpg → A-005428 (ID=5428)
  [5] 3083 山姆英文補習班.jpg → A-005429 (ID=5429)

SQL: /Users/chifangtang/hswork/database/customer_scan_import.sql

=== 結果 ===
總檔案數: 381
匹配成功: 378
上傳成功: 378
未匹配: 3

=== 錯誤（前20筆）===
  JPG客戶編號3081-3260/自取83 天文大同特殊鋼股份有限公司-張庭豪 DJS-SK01.jpg (無法提取編號)
  JPG客戶編號3081-3260/自取客戶78 港仔 洪羅朗.jpg (無法提取編號)
  JPG客戶編號3081-3260/自取客戶79 馬祖.jpg (無法提取編號)
測試模式：只處理 JPG客戶編號3261-3440
載入客戶資料...
  可匹配客戶數（客戶XXX格式）: 6345
  掃描檔資料夾: 1 個

連接 FTP...
  FTP 連線成功

=== JPG客戶編號3261-3440 ===
  檔案數: 441
  [1] 3261 張念勤.jpg → A-005947 (ID=5947)
  [2] 3262 胡鈞智.jpg → A-005948 (ID=5948)
  [3] 3263 苦甘有限公司.jpg → A-005968 (ID=5968)
  [4] 3264 收放之間.jpg → A-005969 (ID=5969)
  [5] 3265 日通開發水產.jpg → A-005983 (ID=5983)

SQL: /Users/chifangtang/hswork/database/customer_scan_import.sql

=== 結果 ===
總檔案數: 441
匹配成功: 440
上傳成功: 440
未匹配: 1

=== 錯誤（前20筆）===
  JPG客戶編號3261-3440/振皓科技有限公司.jpg (無法提取編號)
測試模式：只處理 JPG客戶編號3441-3620
載入客戶資料...
  可匹配客戶數（客戶XXX格式）: 6345
  掃描檔資料夾: 1 個

連接 FTP...
  FTP 連線成功

=== JPG客戶編號3441-3620 ===
  檔案數: 384
  [1] 3350-5 慶澤生化科技股份有限公司 保固書.jpg → A-006194 (ID=6194)
  [2] 3350-5 慶澤生化科技股份有限公司.jpg → A-006194 (ID=6194)
  [3] 3441 新澄室內裝修設計股份有限公司.jpg → A-006401 (ID=6401)
  [4] 3441-1 新澄室內裝修設計股份有限公司.jpg → A-006401 (ID=6401)
  [5] 3441-2 新澄室內裝修設計股份有限公司.jpg → A-006401 (ID=6401)

SQL: /Users/chifangtang/hswork/database/customer_scan_import.sql

=== 結果 ===
總檔案數: 384
匹配成功: 383
上傳成功: 383
未匹配: 1

=== 錯誤（前20筆）===
  JPG客戶編號3441-3620/景鴻企業社.jpg (無法提取編號)
測試模式：只處理 JPG客戶編號3621-3800
載入客戶資料...
  可匹配客戶數（客戶XXX格式）: 6345
  掃描檔資料夾: 1 個

連接 FTP...
  FTP 連線成功

=== JPG客戶編號3621-3800 ===
  檔案數: 399
  [1] 3621 賴正偉.jpg → A-006937 (ID=6937)
  [2] 3622 顏肇良.jpg → A-006926 (ID=6926)
  [3] 3623 王明志.jpg → A-006946 (ID=6946)
  [4] 3624 陳家若.jpg → A-006962 (ID=6962)
  [5] 3625 李天送.jpg → A-006963 (ID=6963)

SQL: /Users/chifangtang/hswork/database/customer_scan_import.sql

=== 結果 ===
總檔案數: 399
匹配成功: 398
上傳成功: 398
未匹配: 1

=== 錯誤（前20筆）===
  JPG客戶編號3621-3800/亞益興業有限公司.jpg (無法提取編號)
測試模式：只處理 JPG客戶編號3801-3980
載入客戶資料...
  可匹配客戶數（客戶XXX格式）: 6345
  掃描檔資料夾: 1 個

連接 FTP...
  FTP 連線成功

=== JPG客戶編號3801-3980 ===
  檔案數: 302
  [1] 3801 余非.jpg → A-007465 (ID=7465)
  [2] 3801-1 凱展.jpg → A-007465 (ID=7465)
  [3] 3802 羅彥濤.jpg → A-007466 (ID=7466)
  [4] 3803 鴻恩國際有限公司-請款單.jpg → A-007467 (ID=7467)
  [5] 3803 鴻恩國際有限公司.jpg → A-007467 (ID=7467)

SQL: /Users/chifangtang/hswork/database/customer_scan_import.sql

=== 結果 ===
總檔案數: 302
匹配成功: 302
上傳成功: 302
未匹配: 0
測試模式：只處理 JPG客戶編號3981-4160
載入客戶資料...
  可匹配客戶數（客戶XXX格式）: 6345
  掃描檔資料夾: 1 個

連接 FTP...
  FTP 連線成功

=== JPG客戶編號3981-4160 ===
  檔案數: 350
  [1] 3981 御匠設計.jpg → A-008018 (ID=8018)
  [2] 3981-2 3981-3 御匠 料單.jpg → A-008018 (ID=8018)
  [3] 3981-2 御匠 P1 回簽單.jpg → A-008018 (ID=8018)
  [4] 3981-2 御匠 P1.jpg → A-008018 (ID=8018)
  [5] 3981-2 御匠 P2 回簽單.jpg → A-008018 (ID=8018)

SQL: /Users/chifangtang/hswork/database/customer_scan_import.sql

=== 結果 ===
總檔案數: 350
匹配成功: 350
上傳成功: 350
未匹配: 0
測試模式：只處理 JPG客戶編號4161-4340
載入客戶資料...
  可匹配客戶數（客戶XXX格式）: 6345
  掃描檔資料夾: 1 個

連接 FTP...
  FTP 連線成功

=== JPG客戶編號4161-4340 ===
  檔案數: 341
  [1] 4161 Unique dog 寵物店.jpg → A-008504 (ID=8504)
  [2] 4161-1 Uniqe dog 寵物店.jpg → A-008504 (ID=8504)
  [3] 4162 七星崗.jpg → A-008505 (ID=8505)
  [4] 4163 許維哲.jpg → A-008516 (ID=8516)
  [5] 4163-1 許維哲 回簽.jpg → A-008516 (ID=8516)

SQL: /Users/chifangtang/hswork/database/customer_scan_import.sql

=== 結果 ===
總檔案數: 341
匹配成功: 341
上傳成功: 341
未匹配: 0
測試模式：只處理 JPG客戶編號4341-4520
載入客戶資料...
  可匹配客戶數（客戶XXX格式）: 6345
  掃描檔資料夾: 1 個

連接 FTP...
  FTP 連線成功

=== JPG客戶編號4341-4520 ===
  檔案數: 281
  [1] 2110-27 巨菱 採購單.jpg → A-003395 (ID=3395)
  [2] 4341 李俞臻.jpg → A-008997 (ID=8997)
  [3] 4342 金嬋.jpg → A-008998 (ID=8998)
  [4] 4343 尚圓餐廳.jpg → A-008999 (ID=8999)
  [5] 4344 林毅勝.jpg → A-009000 (ID=9000)

SQL: /Users/chifangtang/hswork/database/customer_scan_import.sql

=== 結果 ===
總檔案數: 281
匹配成功: 281
上傳成功: 281
未匹配: 0
測試模式：只處理 JPG客戶編號4521-4700
載入客戶資料...
  可匹配客戶數（客戶XXX格式）: 6345
  掃描檔資料夾: 1 個

連接 FTP...
  FTP 連線成功

=== JPG客戶編號4521-4700 ===
  檔案數: 358
  [1] 4521 吳育瑋.jpg → A-009466 (ID=9466)
  [2] 4522 謝才香.jpg → A-009480 (ID=9480)
  [3] 4523 林瑋亭.jpg → A-009481 (ID=9481)
  [4] 4524 曜揚.jpg → A-009492 (ID=9492)
  [5] 4524-6 曜揚國際開發股份有限公司.jpg → A-009492 (ID=9492)

SQL: /Users/chifangtang/hswork/database/customer_scan_import.sql

=== 結果 ===
總檔案數: 358
匹配成功: 358
上傳成功: 358
未匹配: 0
測試模式：只處理 JPG客戶編號4701-4880
載入客戶資料...
  可匹配客戶數（客戶XXX格式）: 6345
  掃描檔資料夾: 1 個

連接 FTP...
  FTP 連線成功

=== JPG客戶編號4701-4880 ===
  檔案數: 313
  [1] 4701 許忠駐.jpg → A-010000 (ID=10000)
  [2] 4701-1 許忠駐.jpg → A-010000 (ID=10000)
  [3] 4702 周秉諺.jpg → A-010001 (ID=10001)
  [4] 4703 劉灃源.jpg → A-010002 (ID=10002)
  [5] 4704 心格.jpg → A-010013 (ID=10013)

SQL: /Users/chifangtang/hswork/database/customer_scan_import.sql

=== 結果 ===
總檔案數: 313
匹配成功: 313
上傳成功: 313
未匹配: 0
測試模式：只處理 JPG客戶編號4881-5060
載入客戶資料...
  可匹配客戶數（客戶XXX格式）: 6345
  掃描檔資料夾: 1 個

連接 FTP...
  FTP 連線成功

=== JPG客戶編號4881-5060 ===
  檔案數: 337
  [1] 4881 漢林鐵板燒員林店.jpg → A-010507 (ID=10507)
  [2] 4882 王世良 請款單.jpg → A-010508 (ID=10508)
  [3] 4882 王世良.jpg → A-010508 (ID=10508)
  [4] 4883 睿邑生物.jpg → A-008207 (ID=8207)
  [5] 4885 蔡依洲 請款單.jpg → A-010529 (ID=10529)

SQL: /Users/chifangtang/hswork/database/customer_scan_import.sql

=== 結果 ===
總檔案數: 337
匹配成功: 337
上傳成功: 337
未匹配: 0
測試模式：只處理 JPG客戶編號5421-5600
載入客戶資料...
  可匹配客戶數（客戶XXX格式）: 6345
  掃描檔資料夾: 1 個

連接 FTP...
  FTP 連線成功

=== JPG客戶編號5421-5600 ===
  檔案數: 392
  [1] 5421 賈維斯(逸瓏山-蔡侑倫住宅).jpg → A-012480 (ID=12480)
  [2] 5421-1 賈維斯 逸瓏山蔡侑倫A15.jpg → A-012480 (ID=12480)
  [3] 5421-2 陳泓琪名片.jpg → A-012480 (ID=12480)
  [4] 5421-3 賈維斯(益昌六街林宅).jpg → A-012480 (ID=12480)
  [5] 5421-4 賈維斯(益昌六街林宅).jpg → A-012480 (ID=12480)

SQL: /Users/chifangtang/hswork/database/customer_scan_import.sql

=== 結果 ===
總檔案數: 392
匹配成功: 392
上傳成功: 392
未匹配: 0
測試模式：只處理 JPG客戶編號5601-5780
載入客戶資料...
  可匹配客戶數（客戶XXX格式）: 6345
  掃描檔資料夾: 1 個

連接 FTP...
  FTP 連線成功

=== JPG客戶編號5601-5780 ===
  檔案數: 381
  [1] 5601 台中市召會美德會所 保固書.jpg → A-013232 (ID=13232)
  [2] 5601 台中市召會美德會所.jpg → A-013232 (ID=13232)
  [3] 5602 陳孟祺.jpg → A-013233 (ID=13233)
  [4] 5603 梁明杰 保固書.jpg → A-013243 (ID=13243)
  [5] 5603 梁明杰.jpg → A-013243 (ID=13243)

SQL: /Users/chifangtang/hswork/database/customer_scan_import.sql

=== 結果 ===
總檔案數: 381
匹配成功: 381
上傳成功: 381
未匹配: 0
測試模式：只處理 JPG客戶編號5781-5960
載入客戶資料...
  可匹配客戶數（客戶XXX格式）: 6345
  掃描檔資料夾: 1 個

連接 FTP...
  FTP 連線成功

=== JPG客戶編號5781-5960 ===
  檔案數: 381
  [1] 5781 林晉誠.jpg → A-014028 (ID=14028)
  [2] 5782 十藝聯合室內裝修設計工程有限公司 名片.jpg → A-013924 (ID=13924)
  [3] 5782 十藝聯合室內裝修設計工程有限公司 回簽單.jpg → A-013924 (ID=13924)
  [4] 5783 陳淑滿 保固書.jpg → A-014041 (ID=14041)
  [5] 5783 陳淑滿.jpg → A-014041 (ID=14041)

SQL: /Users/chifangtang/hswork/database/customer_scan_import.sql

=== 結果 ===
總檔案數: 381
匹配成功: 362
上傳成功: 362
未匹配: 19

=== 錯誤（前20筆）===
  JPG客戶編號5781-5960/5839 鄭懋勳 保固書.jpg (客戶5839不存在)
  JPG客戶編號5781-5960/5839 鄭懋勳.jpg (客戶5839不存在)
  JPG客戶編號5781-5960/5842 洪怡婷 保固書.jpg (客戶5842不存在)
  JPG客戶編號5781-5960/5842 洪怡婷.jpg (客戶5842不存在)
  JPG客戶編號5781-5960/5843 管柏崴 保固書.jpg (客戶5843不存在)
  JPG客戶編號5781-5960/5843 管柏崴 請款單.jpg (客戶5843不存在)
  JPG客戶編號5781-5960/5843 管柏崴.jpg (客戶5843不存在)
  JPG客戶編號5781-5960/5844 鄭閔謙.jpg (客戶5844不存在)
  JPG客戶編號5781-5960/5845 李怡潔.jpg (客戶5845不存在)
  JPG客戶編號5781-5960/5846 黃健治 保固書.jpg (客戶5846不存在)
  JPG客戶編號5781-5960/5846 黃健治.jpg (客戶5846不存在)
  JPG客戶編號5781-5960/5848 臺虎精釀.jpg (客戶5848不存在)
  JPG客戶編號5781-5960/5849 傅傑琳 保固書.jpg (客戶5849不存在)
  JPG客戶編號5781-5960/5849 傅傑琳.jpg (客戶5849不存在)
  JPG客戶編號5781-5960/5850 陳美娘 保固書.jpg (客戶5850不存在)
  JPG客戶編號5781-5960/5850 陳美娘.jpg (客戶5850不存在)
  JPG客戶編號5781-5960/5851 蔡至軒 保固書.jpg (客戶5851不存在)
  JPG客戶編號5781-5960/5851 蔡至軒.jpg (客戶5851不存在)
  JPG客戶編號5781-5960/5852 廖宗保.jpg (客戶5852不存在)
測試模式：只處理 JPG客戶編號5961-6140
載入客戶資料...
  可匹配客戶數（客戶XXX格式）: 6345
  掃描檔資料夾: 1 個

連接 FTP...
  FTP 連線成功

=== JPG客戶編號5961-6140 ===
  檔案數: 319
  [1] 5961 5961-1 劉國晏是意圖.jpg → A-014787 (ID=14787)
  [2] 5961 劉國晏.jpg → A-014787 (ID=14787)
  [3] 5961-1 劉國晏.jpg → A-014787 (ID=14787)
  [4] 5962 集雅社(股)公司(中友百貨) 回簽.jpg → A-014944 (ID=14944)
  [5] 5962 集雅社(股)公司(中友百貨).jpg → A-014944 (ID=14944)

SQL: /Users/chifangtang/hswork/database/customer_scan_import.sql

=== 結果 ===
總檔案數: 319
匹配成功: 318
上傳成功: 318
未匹配: 1

=== 錯誤（前20筆）===
  JPG客戶編號5961-6140/6090 王浤森.jpg (客戶6090不存在)
測試模式：只處理 JPG客戶編號6321-6500
載入客戶資料...
  可匹配客戶數（客戶XXX格式）: 6345
  掃描檔資料夾: 1 個

連接 FTP...
  FTP 連線成功

=== JPG客戶編號6321-6500 ===
  檔案數: 175
  [1] 6321 許光中.jpg → A-016004 (ID=16004)
  [2] 6322 張耀 保固書.jpg → A-016018 (ID=16018)
  [3] 6322 張耀.jpg → A-016018 (ID=16018)
  [4] 6323 林郁嘉.jpg → A-016019 (ID=16019)
  [5] 6324 陸合企業股份有限公司 回簽.jpg → A-016020 (ID=16020)

SQL: /Users/chifangtang/hswork/database/customer_scan_import.sql

=== 結果 ===
總檔案數: 175
匹配成功: 175
上傳成功: 175
未匹配: 0
測試模式：只處理 JPG員林客戶編號1-200
載入客戶資料...
  可匹配客戶數（客戶XXX格式）: 6345
  掃描檔資料夾: 1 個

連接 FTP...
  FTP 連線成功

=== JPG員林客戶編號1-200 ===
  檔案數: 7
  [1] 03 Jeffrey Hsu.jpg → A-000017 (ID=17)
  [2] 04 柯居呈.jpg → A-000019 (ID=19)
  [3] 05 陳威連.jpg → A-000008 (ID=8)
  [4] 06 郭雅雯.jpg → A-000006 (ID=6)
  [5] 07 朱怡如.jpg → A-016242 (ID=16242)

SQL: /Users/chifangtang/hswork/database/customer_scan_import.sql

=== 結果 ===
總檔案數: 7
匹配成功: 7
上傳成功: 7
未匹配: 0
